<?xml version="1.0" encoding="UTF-8"?>
<testng-results skipped="0" failed="0" ignored="0" total="1" passed="1">
  <reporter-output>
  </reporter-output>
  <suite name="Suite" duration-ms="148" started-at="2017-01-01T06:49:40Z" finished-at="2017-01-01T06:49:40Z">
    <groups>
    </groups>
    <test name="Test" duration-ms="148" started-at="2017-01-01T06:49:40Z" finished-at="2017-01-01T06:49:40Z">
      <class name="mavenddf.NewTest">
        <test-method status="PASS" signature="f()[pri:0, instance:mavenddf.NewTest@61dc03ce]" name="f" duration-ms="63" started-at="2016-12-31T22:49:40Z" finished-at="2016-12-31T22:49:40Z">
          <reporter-output>
          </reporter-output>
        </test-method> <!-- f -->
      </class> <!-- mavenddf.NewTest -->
    </test> <!-- Test -->
  </suite> <!-- Suite -->
</testng-results>
